  [1m[36m (0.1ms)[0m  [1mselect sqlite_version(*)[0m
  [1m[35m (15.9ms)[0m  CREATE TABLE "schema_migrations" ("version" varchar(255) NOT NULL) 
  [1m[36m (0.2ms)[0m  [1mPRAGMA index_list("schema_migrations")[0m
  [1m[35m (13.9ms)[0m  CREATE UNIQUE INDEX "unique_schema_migrations" ON "schema_migrations" ("version")
  [1m[36m (0.1ms)[0m  [1mSELECT "schema_migrations"."version" FROM "schema_migrations" [0m
Migrating to CreateMovies (20111119180638)
  [1m[35m (96.7ms)[0m  CREATE TABLE "movies" ("id" INTEGER PRIMARY KEY AUTOINCREMENT NOT NULL, "title" varchar(255), "rating" varchar(255), "description" text, "release_date" datetime, "created_at" datetime, "updated_at" datetime) 
  [1m[36m (0.1ms)[0m  [1mINSERT INTO "schema_migrations" ("version") VALUES ('20111119180638')[0m
Migrating to AddMoreMovies (20120130161449)
  [1m[35mSQL (0.3ms)[0m  DELETE FROM "movies"
  [1m[36mSQL (12.6ms)[0m  [1mINSERT INTO "movies" ("created_at", "description", "rating", "release_date", "title", "updated_at") VALUES (?, ?, ?, ?, ?, ?)[0m  [["created_at", Tue, 22 Nov 2016 08:00:17 UTC +00:00], ["description", nil], ["rating", "G"], ["release_date", Wed, 25 Nov 1992 00:00:00 UTC +00:00], ["title", "Aladdin"], ["updated_at", Tue, 22 Nov 2016 08:00:17 UTC +00:00]]
  [1m[35mSQL (0.3ms)[0m  INSERT INTO "movies" ("created_at", "description", "rating", "release_date", "title", "updated_at") VALUES (?, ?, ?, ?, ?, ?)  [["created_at", Tue, 22 Nov 2016 08:00:17 UTC +00:00], ["description", nil], ["rating", "R"], ["release_date", Fri, 26 Oct 1984 00:00:00 UTC +00:00], ["title", "The Terminator"], ["updated_at", Tue, 22 Nov 2016 08:00:17 UTC +00:00]]
  [1m[36mSQL (0.3ms)[0m  [1mINSERT INTO "movies" ("created_at", "description", "rating", "release_date", "title", "updated_at") VALUES (?, ?, ?, ?, ?, ?)[0m  [["created_at", Tue, 22 Nov 2016 08:00:17 UTC +00:00], ["description", nil], ["rating", "R"], ["release_date", Fri, 21 Jul 1989 00:00:00 UTC +00:00], ["title", "When Harry Met Sally"], ["updated_at", Tue, 22 Nov 2016 08:00:17 UTC +00:00]]
  [1m[35mSQL (0.3ms)[0m  INSERT INTO "movies" ("created_at", "description", "rating", "release_date", "title", "updated_at") VALUES (?, ?, ?, ?, ?, ?)  [["created_at", Tue, 22 Nov 2016 08:00:17 UTC +00:00], ["description", nil], ["rating", "PG-13"], ["release_date", Wed, 10 Aug 2011 00:00:00 UTC +00:00], ["title", "The Help"], ["updated_at", Tue, 22 Nov 2016 08:00:17 UTC +00:00]]
  [1m[36mSQL (0.2ms)[0m  [1mINSERT INTO "movies" ("created_at", "description", "rating", "release_date", "title", "updated_at") VALUES (?, ?, ?, ?, ?, ?)[0m  [["created_at", Tue, 22 Nov 2016 08:00:17 UTC +00:00], ["description", nil], ["rating", "PG-13"], ["release_date", Fri, 05 Jan 2001 00:00:00 UTC +00:00], ["title", "Chocolat"], ["updated_at", Tue, 22 Nov 2016 08:00:17 UTC +00:00]]
  [1m[35mSQL (0.2ms)[0m  INSERT INTO "movies" ("created_at", "description", "rating", "release_date", "title", "updated_at") VALUES (?, ?, ?, ?, ?, ?)  [["created_at", Tue, 22 Nov 2016 08:00:17 UTC +00:00], ["description", nil], ["rating", "R"], ["release_date", Wed, 25 Apr 2001 00:00:00 UTC +00:00], ["title", "Amelie"], ["updated_at", Tue, 22 Nov 2016 08:00:17 UTC +00:00]]
  [1m[36mSQL (0.2ms)[0m  [1mINSERT INTO "movies" ("created_at", "description", "rating", "release_date", "title", "updated_at") VALUES (?, ?, ?, ?, ?, ?)[0m  [["created_at", Tue, 22 Nov 2016 08:00:17 UTC +00:00], ["description", nil], ["rating", "G"], ["release_date", Sat, 06 Apr 1968 00:00:00 UTC +00:00], ["title", "2001: A Space Odyssey"], ["updated_at", Tue, 22 Nov 2016 08:00:17 UTC +00:00]]
  [1m[35mSQL (0.2ms)[0m  INSERT INTO "movies" ("created_at", "description", "rating", "release_date", "title", "updated_at") VALUES (?, ?, ?, ?, ?, ?)  [["created_at", Tue, 22 Nov 2016 08:00:17 UTC +00:00], ["description", nil], ["rating", "PG"], ["release_date", Fri, 05 Nov 2004 00:00:00 UTC +00:00], ["title", "The Incredibles"], ["updated_at", Tue, 22 Nov 2016 08:00:17 UTC +00:00]]
  [1m[36mSQL (0.2ms)[0m  [1mINSERT INTO "movies" ("created_at", "description", "rating", "release_date", "title", "updated_at") VALUES (?, ?, ?, ?, ?, ?)[0m  [["created_at", Tue, 22 Nov 2016 08:00:17 UTC +00:00], ["description", nil], ["rating", "PG"], ["release_date", Fri, 12 Jun 1981 00:00:00 UTC +00:00], ["title", "Raiders of the Lost Ark"], ["updated_at", Tue, 22 Nov 2016 08:00:17 UTC +00:00]]
  [1m[35mSQL (0.3ms)[0m  INSERT INTO "movies" ("created_at", "description", "rating", "release_date", "title", "updated_at") VALUES (?, ?, ?, ?, ?, ?)  [["created_at", Tue, 22 Nov 2016 08:00:17 UTC +00:00], ["description", nil], ["rating", "G"], ["release_date", Wed, 21 Jun 2000 00:00:00 UTC +00:00], ["title", "Chicken Run"], ["updated_at", Tue, 22 Nov 2016 08:00:17 UTC +00:00]]
  [1m[36m (0.1ms)[0m  [1mINSERT INTO "schema_migrations" ("version") VALUES ('20120130161449')[0m
Migrating to AddDirectorToMovie (20120324101909)
  [1m[35m (0.4ms)[0m  ALTER TABLE "movies" ADD "director" varchar(255)
  [1m[36m (0.1ms)[0m  [1mINSERT INTO "schema_migrations" ("version") VALUES ('20120324101909')[0m
  [1m[35m (0.3ms)[0m  select sqlite_version(*)
  [1m[36m (0.1ms)[0m  [1mSELECT "schema_migrations"."version" FROM "schema_migrations" [0m
  [1m[35m (0.1ms)[0m  PRAGMA index_list("movies")
  [1m[36m (0.1ms)[0m  [1mSELECT "schema_migrations"."version" FROM "schema_migrations" [0m


Started GET "/assets/rails.png" for 50.24.161.123 at 2016-11-22 08:03:56 +0000
Served asset /rails.png - 200 OK (3ms)


Started GET "/movies" for 50.24.161.123 at 2016-11-22 08:04:01 +0000
  Processing by MoviesController#index as HTML
  [1m[36mMovie Load (0.3ms)[0m  [1mSELECT "movies".* FROM "movies" WHERE "movies"."rating" IN (NULL)[0m
Rendered movies/index.html.haml within layouts/application (6.4ms)
Compiled application.css  (0ms)  (pid 17169)
Compiled application.js  (2ms)  (pid 17169)
Compiled jquery.js  (159ms)  (pid 17169)
Compiled jquery_ujs.js  (0ms)  (pid 17169)
Completed 200 OK in 370ms (Views: 365.9ms | ActiveRecord: 0.3ms)


Started GET "/assets/application.css?body=1" for 50.24.161.123 at 2016-11-22 08:04:02 +0000
Served asset /application.css - 200 OK (2ms)


Started GET "/assets/jquery.js?body=1" for 50.24.161.123 at 2016-11-22 08:04:02 +0000
Served asset /jquery.js - 200 OK (6ms)


Started GET "/assets/jquery_ujs.js?body=1" for 50.24.161.123 at 2016-11-22 08:04:02 +0000
Served asset /jquery_ujs.js - 200 OK (5ms)


Started GET "/assets/application.js?body=1" for 50.24.161.123 at 2016-11-22 08:04:02 +0000
Served asset /application.js - 200 OK (4ms)


Started GET "/movies?utf8=%E2%9C%93&ratings%5BG%5D=1&ratings%5BPG%5D=1&ratings%5BPG-13%5D=1&ratings%5BNC-17%5D=1&ratings%5BR%5D=1&commit=Refresh" for 50.24.161.123 at 2016-11-22 08:04:10 +0000
  Processing by MoviesController#index as HTML
  Parameters: {"utf8"=>"✓", "ratings"=>{"G"=>"1", "PG"=>"1", "PG-13"=>"1", "NC-17"=>"1", "R"=>"1"}, "commit"=>"Refresh"}
Redirected to https://hw4se-mragank.c9users.io/movies?ratings%5BG%5D=1&ratings%5BNC-17%5D=1&ratings%5BPG%5D=1&ratings%5BPG-13%5D=1&ratings%5BR%5D=1
Completed 302 Found in 1ms


Started GET "/movies?ratings%5BG%5D=1&ratings%5BNC-17%5D=1&ratings%5BPG%5D=1&ratings%5BPG-13%5D=1&ratings%5BR%5D=1" for 50.24.161.123 at 2016-11-22 08:04:10 +0000
  Processing by MoviesController#index as HTML
  Parameters: {"ratings"=>{"G"=>"1", "NC-17"=>"1", "PG"=>"1", "PG-13"=>"1", "R"=>"1"}}
  [1m[35mMovie Load (0.2ms)[0m  SELECT "movies".* FROM "movies" WHERE "movies"."rating" IN ('G', 'NC-17', 'PG', 'PG-13', 'R')
Rendered movies/index.html.haml within layouts/application (18.3ms)
Completed 200 OK in 28ms (Views: 25.2ms | ActiveRecord: 0.6ms)


Started GET "/movies?ratings%5BG%5D=1&ratings%5BNC-17%5D=1&ratings%5BPG%5D=1&ratings%5BPG-13%5D=1&ratings%5BR%5D=1&sort=title" for 50.24.161.123 at 2016-11-22 08:04:12 +0000
  Processing by MoviesController#index as HTML
  Parameters: {"ratings"=>{"G"=>"1", "NC-17"=>"1", "PG"=>"1", "PG-13"=>"1", "R"=>"1"}, "sort"=>"title"}
Redirected to https://hw4se-mragank.c9users.io/movies?ratings%5BG%5D=1&ratings%5BNC-17%5D=1&ratings%5BPG%5D=1&ratings%5BPG-13%5D=1&ratings%5BR%5D=1&sort=title
Completed 302 Found in 1ms


Started GET "/movies?ratings%5BG%5D=1&ratings%5BNC-17%5D=1&ratings%5BPG%5D=1&ratings%5BPG-13%5D=1&ratings%5BR%5D=1&sort=title" for 50.24.161.123 at 2016-11-22 08:04:12 +0000
  Processing by MoviesController#index as HTML
  Parameters: {"ratings"=>{"G"=>"1", "NC-17"=>"1", "PG"=>"1", "PG-13"=>"1", "R"=>"1"}, "sort"=>"title"}
  [1m[36mMovie Load (0.3ms)[0m  [1mSELECT "movies".* FROM "movies" WHERE "movies"."rating" IN ('G', 'NC-17', 'PG', 'PG-13', 'R') ORDER BY title[0m
Rendered movies/index.html.haml within layouts/application (12.5ms)
Completed 200 OK in 21ms (Views: 18.6ms | ActiveRecord: 0.6ms)


Started GET "/movies?ratings%5BG%5D=1&ratings%5BNC-17%5D=1&ratings%5BPG%5D=1&ratings%5BPG-13%5D=1&ratings%5BR%5D=1&sort=release_date" for 50.24.161.123 at 2016-11-22 08:04:13 +0000
  Processing by MoviesController#index as HTML
  Parameters: {"ratings"=>{"G"=>"1", "NC-17"=>"1", "PG"=>"1", "PG-13"=>"1", "R"=>"1"}, "sort"=>"release_date"}
Redirected to https://hw4se-mragank.c9users.io/movies?ratings%5BG%5D=1&ratings%5BNC-17%5D=1&ratings%5BPG%5D=1&ratings%5BPG-13%5D=1&ratings%5BR%5D=1&sort=release_date
Completed 302 Found in 1ms


Started GET "/movies?ratings%5BG%5D=1&ratings%5BNC-17%5D=1&ratings%5BPG%5D=1&ratings%5BPG-13%5D=1&ratings%5BR%5D=1&sort=release_date" for 50.24.161.123 at 2016-11-22 08:04:14 +0000
  Processing by MoviesController#index as HTML
  Parameters: {"ratings"=>{"G"=>"1", "NC-17"=>"1", "PG"=>"1", "PG-13"=>"1", "R"=>"1"}, "sort"=>"release_date"}
  [1m[35mMovie Load (0.2ms)[0m  SELECT "movies".* FROM "movies" WHERE "movies"."rating" IN ('G', 'NC-17', 'PG', 'PG-13', 'R') ORDER BY release_date
Rendered movies/index.html.haml within layouts/application (72.1ms)
Completed 200 OK in 81ms (Views: 78.5ms | ActiveRecord: 0.7ms)


Started GET "/movies/7" for 50.24.161.123 at 2016-11-22 08:11:52 +0000
  Processing by MoviesController#show as HTML
  Parameters: {"id"=>"7"}
  [1m[36mMovie Load (0.2ms)[0m  [1mSELECT "movies".* FROM "movies" WHERE "movies"."id" = ? LIMIT 1[0m  [["id", "7"]]
Rendered movies/show.html.haml within layouts/application (4.5ms)
Completed 200 OK in 18ms (Views: 10.0ms | ActiveRecord: 0.6ms)


Started GET "/assets/application.css?body=1" for 50.24.161.123 at 2016-11-22 08:11:52 +0000
Served asset /application.css - 304 Not Modified (0ms)


Started GET "/assets/jquery_ujs.js?body=1" for 50.24.161.123 at 2016-11-22 08:11:52 +0000
Served asset /jquery_ujs.js - 304 Not Modified (0ms)


Started GET "/assets/application.js?body=1" for 50.24.161.123 at 2016-11-22 08:11:52 +0000
Served asset /application.js - 304 Not Modified (0ms)


Started GET "/assets/jquery.js?body=1" for 50.24.161.123 at 2016-11-22 08:11:52 +0000
Served asset /jquery.js - 304 Not Modified (0ms)
  [1m[36m (0.1ms)[0m  [1mSELECT "schema_migrations"."version" FROM "schema_migrations" [0m
Migrating to CreateMovies (20111119180638)
Migrating to AddMoreMovies (20120130161449)
Migrating to AddDirectorToMovie (20120324101909)
Migrating to DirectorData (20161122081436)
  [1m[35m (0.0ms)[0m  select sqlite_version(*)
  [1m[36mSQL (0.4ms)[0m  [1mDELETE FROM "movies"[0m
  [1m[35mSQL (10.7ms)[0m  INSERT INTO "movies" ("created_at", "description", "director", "rating", "release_date", "title", "updated_at") VALUES (?, ?, ?, ?, ?, ?, ?)  [["created_at", Tue, 22 Nov 2016 08:18:00 UTC +00:00], ["description", nil], ["director", "James Cameron"], ["rating", "G"], ["release_date", Wed, 25 Nov 1992 00:00:00 UTC +00:00], ["title", "Aladdin"], ["updated_at", Tue, 22 Nov 2016 08:18:00 UTC +00:00]]
  [1m[36mSQL (0.3ms)[0m  [1mINSERT INTO "movies" ("created_at", "description", "director", "rating", "release_date", "title", "updated_at") VALUES (?, ?, ?, ?, ?, ?, ?)[0m  [["created_at", Tue, 22 Nov 2016 08:18:00 UTC +00:00], ["description", nil], ["director", "James Cameron"], ["rating", "R"], ["release_date", Fri, 26 Oct 1984 00:00:00 UTC +00:00], ["title", "The Terminator"], ["updated_at", Tue, 22 Nov 2016 08:18:00 UTC +00:00]]
  [1m[35mSQL (0.2ms)[0m  INSERT INTO "movies" ("created_at", "description", "director", "rating", "release_date", "title", "updated_at") VALUES (?, ?, ?, ?, ?, ?, ?)  [["created_at", Tue, 22 Nov 2016 08:18:00 UTC +00:00], ["description", nil], ["director", "James Cameron"], ["rating", "R"], ["release_date", Fri, 21 Jul 1989 00:00:00 UTC +00:00], ["title", "When Harry Met Sally"], ["updated_at", Tue, 22 Nov 2016 08:18:00 UTC +00:00]]
  [1m[36mSQL (0.2ms)[0m  [1mINSERT INTO "movies" ("created_at", "description", "director", "rating", "release_date", "title", "updated_at") VALUES (?, ?, ?, ?, ?, ?, ?)[0m  [["created_at", Tue, 22 Nov 2016 08:18:00 UTC +00:00], ["description", nil], ["director", "Prakash Jha"], ["rating", "PG-13"], ["release_date", Wed, 10 Aug 2011 00:00:00 UTC +00:00], ["title", "The Help"], ["updated_at", Tue, 22 Nov 2016 08:18:00 UTC +00:00]]
  [1m[35mSQL (0.2ms)[0m  INSERT INTO "movies" ("created_at", "description", "director", "rating", "release_date", "title", "updated_at") VALUES (?, ?, ?, ?, ?, ?, ?)  [["created_at", Tue, 22 Nov 2016 08:18:00 UTC +00:00], ["description", nil], ["director", "Prakash Jha"], ["rating", "PG-13"], ["release_date", Fri, 05 Jan 2001 00:00:00 UTC +00:00], ["title", "Chocolat"], ["updated_at", Tue, 22 Nov 2016 08:18:00 UTC +00:00]]
  [1m[36mSQL (0.2ms)[0m  [1mINSERT INTO "movies" ("created_at", "description", "director", "rating", "release_date", "title", "updated_at") VALUES (?, ?, ?, ?, ?, ?, ?)[0m  [["created_at", Tue, 22 Nov 2016 08:18:00 UTC +00:00], ["description", nil], ["director", "Prakash Jha"], ["rating", "R"], ["release_date", Wed, 25 Apr 2001 00:00:00 UTC +00:00], ["title", "Amelie"], ["updated_at", Tue, 22 Nov 2016 08:18:00 UTC +00:00]]
  [1m[35mSQL (0.2ms)[0m  INSERT INTO "movies" ("created_at", "description", "director", "rating", "release_date", "title", "updated_at") VALUES (?, ?, ?, ?, ?, ?, ?)  [["created_at", Tue, 22 Nov 2016 08:18:00 UTC +00:00], ["description", nil], ["director", "Chuck Loree"], ["rating", "G"], ["release_date", Sat, 06 Apr 1968 00:00:00 UTC +00:00], ["title", "2001: A Space Odyssey"], ["updated_at", Tue, 22 Nov 2016 08:18:00 UTC +00:00]]
  [1m[36mSQL (0.2ms)[0m  [1mINSERT INTO "movies" ("created_at", "description", "director", "rating", "release_date", "title", "updated_at") VALUES (?, ?, ?, ?, ?, ?, ?)[0m  [["created_at", Tue, 22 Nov 2016 08:18:00 UTC +00:00], ["description", nil], ["director", "Chuck Loree"], ["rating", "PG"], ["release_date", Fri, 05 Nov 2004 00:00:00 UTC +00:00], ["title", "The Incredibles"], ["updated_at", Tue, 22 Nov 2016 08:18:00 UTC +00:00]]
  [1m[35mSQL (0.2ms)[0m  INSERT INTO "movies" ("created_at", "description", "director", "rating", "release_date", "title", "updated_at") VALUES (?, ?, ?, ?, ?, ?, ?)  [["created_at", Tue, 22 Nov 2016 08:18:00 UTC +00:00], ["description", nil], ["director", "Chuck Loree"], ["rating", "PG"], ["release_date", Fri, 12 Jun 1981 00:00:00 UTC +00:00], ["title", "Raiders of the Lost Ark"], ["updated_at", Tue, 22 Nov 2016 08:18:00 UTC +00:00]]
  [1m[36mSQL (0.3ms)[0m  [1mINSERT INTO "movies" ("created_at", "description", "director", "rating", "release_date", "title", "updated_at") VALUES (?, ?, ?, ?, ?, ?, ?)[0m  [["created_at", Tue, 22 Nov 2016 08:18:00 UTC +00:00], ["description", nil], ["director", "Chuck Loree"], ["rating", "G"], ["release_date", Wed, 21 Jun 2000 00:00:00 UTC +00:00], ["title", "Chicken Run"], ["updated_at", Tue, 22 Nov 2016 08:18:00 UTC +00:00]]
  [1m[35m (0.2ms)[0m  INSERT INTO "schema_migrations" ("version") VALUES ('20161122081436')
  [1m[36m (0.3ms)[0m  [1mselect sqlite_version(*)[0m
  [1m[35m (0.1ms)[0m  SELECT "schema_migrations"."version" FROM "schema_migrations" 
  [1m[36m (0.1ms)[0m  [1mPRAGMA index_list("movies")[0m


Started GET "/assets/rails.png" for 50.24.161.123 at 2016-11-22 08:18:21 +0000
Served asset /rails.png - 304 Not Modified (1ms)


Started GET "/assets/rails.png" for 50.24.161.123 at 2016-11-22 08:18:24 +0000
Served asset /rails.png - 304 Not Modified (0ms)


Started GET "/movies/7" for 50.24.161.123 at 2016-11-22 08:18:25 +0000
  Processing by MoviesController#show as HTML
  Parameters: {"id"=>"7"}
  [1m[36mMovie Load (0.2ms)[0m  [1mSELECT "movies".* FROM "movies" WHERE "movies"."id" = ? LIMIT 1[0m  [["id", "7"]]
Completed 404 Not Found in 3ms

ActiveRecord::RecordNotFound (Couldn't find Movie with id=7):
  app/controllers/movies_controller.rb:5:in `show'

Rendered /usr/local/rvm/gems/ruby-1.9.2-p318/gems/actionpack-3.1.0/lib/action_dispatch/middleware/templates/rescues/_trace.erb (0.9ms)
Rendered /usr/local/rvm/gems/ruby-1.9.2-p318/gems/actionpack-3.1.0/lib/action_dispatch/middleware/templates/rescues/_request_and_response.erb (0.8ms)
Rendered /usr/local/rvm/gems/ruby-1.9.2-p318/gems/actionpack-3.1.0/lib/action_dispatch/middleware/templates/rescues/diagnostics.erb within rescues/layout (4.1ms)


Started GET "/assets/jquery_ujs.js?body=1" for 50.24.161.123 at 2016-11-22 08:18:26 +0000
Served asset /jquery_ujs.js - 304 Not Modified (2ms)


Started GET "/assets/application.css?body=1" for 50.24.161.123 at 2016-11-22 08:18:26 +0000
Served asset /application.css - 304 Not Modified (1ms)


Started GET "/assets/jquery.js?body=1" for 50.24.161.123 at 2016-11-22 08:18:26 +0000
Served asset /jquery.js - 304 Not Modified (40ms)


Started GET "/movies" for 50.24.161.123 at 2016-11-22 08:18:26 +0000
  Processing by MoviesController#index as HTML
Redirected to https://hw4se-mragank.c9users.io/movies?ratings%5BG%5D=1&ratings%5BNC-17%5D=1&ratings%5BPG%5D=1&ratings%5BPG-13%5D=1&ratings%5BR%5D=1&sort=release_date
Completed 302 Found in 1ms


Started GET "/assets/application.js?body=1" for 50.24.161.123 at 2016-11-22 08:18:26 +0000
Served asset /application.js - 304 Not Modified (2ms)


Started GET "/movies" for 50.24.161.123 at 2016-11-22 08:18:26 +0000
  Processing by MoviesController#index as HTML
Redirected to https://hw4se-mragank.c9users.io/movies?ratings%5BG%5D=1&ratings%5BNC-17%5D=1&ratings%5BPG%5D=1&ratings%5BPG-13%5D=1&ratings%5BR%5D=1&sort=release_date
Completed 302 Found in 1ms


Started GET "/movies?ratings%5BG%5D=1&ratings%5BNC-17%5D=1&ratings%5BPG%5D=1&ratings%5BPG-13%5D=1&ratings%5BR%5D=1&sort=release_date" for 50.24.161.123 at 2016-11-22 08:18:26 +0000
  Processing by MoviesController#index as HTML
  Parameters: {"ratings"=>{"G"=>"1", "NC-17"=>"1", "PG"=>"1", "PG-13"=>"1", "R"=>"1"}, "sort"=>"release_date"}
  [1m[35mMovie Load (0.3ms)[0m  SELECT "movies".* FROM "movies" WHERE "movies"."rating" IN ('G', 'NC-17', 'PG', 'PG-13', 'R') ORDER BY release_date
Rendered movies/index.html.haml within layouts/application (20.0ms)
Completed 200 OK in 74ms (Views: 29.0ms | ActiveRecord: 0.7ms)


Started GET "/movies?ratings%5BG%5D=1&ratings%5BNC-17%5D=1&ratings%5BPG%5D=1&ratings%5BPG-13%5D=1&ratings%5BR%5D=1&sort=release_date" for 50.24.161.123 at 2016-11-22 08:18:26 +0000
  Processing by MoviesController#index as HTML
  Parameters: {"ratings"=>{"G"=>"1", "NC-17"=>"1", "PG"=>"1", "PG-13"=>"1", "R"=>"1"}, "sort"=>"release_date"}
  [1m[36mMovie Load (0.3ms)[0m  [1mSELECT "movies".* FROM "movies" WHERE "movies"."rating" IN ('G', 'NC-17', 'PG', 'PG-13', 'R') ORDER BY release_date[0m
Rendered movies/index.html.haml within layouts/application (50.4ms)
Completed 200 OK in 58ms (Views: 56.1ms | ActiveRecord: 0.6ms)


Started GET "/assets/application.css?body=1" for 50.24.161.123 at 2016-11-22 08:18:26 +0000
Served asset /application.css - 304 Not Modified (0ms)


Started GET "/assets/application.css?body=1" for 50.24.161.123 at 2016-11-22 08:18:26 +0000
Served asset /application.css - 304 Not Modified (0ms)


Started GET "/assets/jquery_ujs.js?body=1" for 50.24.161.123 at 2016-11-22 08:18:26 +0000
Served asset /jquery_ujs.js - 304 Not Modified (0ms)


Started GET "/assets/jquery.js?body=1" for 50.24.161.123 at 2016-11-22 08:18:27 +0000
Served asset /jquery.js - 304 Not Modified (0ms)


Started GET "/assets/application.js?body=1" for 50.24.161.123 at 2016-11-22 08:18:27 +0000
Served asset /application.js - 304 Not Modified (0ms)


Started GET "/assets/application.js?body=1" for 50.24.161.123 at 2016-11-22 08:18:27 +0000
Served asset /application.js - 304 Not Modified (0ms)


Started GET "/assets/jquery_ujs.js?body=1" for 50.24.161.123 at 2016-11-22 08:18:27 +0000
Served asset /jquery_ujs.js - 304 Not Modified (0ms)


Started GET "/assets/jquery.js?body=1" for 50.24.161.123 at 2016-11-22 08:18:27 +0000
Served asset /jquery.js - 304 Not Modified (0ms)


Started GET "/movies/17" for 50.24.161.123 at 2016-11-22 08:18:51 +0000
  Processing by MoviesController#show as HTML
  Parameters: {"id"=>"17"}
  [1m[35mMovie Load (0.2ms)[0m  SELECT "movies".* FROM "movies" WHERE "movies"."id" = ? LIMIT 1  [["id", "17"]]
Rendered movies/show.html.haml within layouts/application (4.7ms)
Completed 200 OK in 18ms (Views: 10.6ms | ActiveRecord: 0.6ms)


Started GET "/assets/application.css?body=1" for 50.24.161.123 at 2016-11-22 08:18:51 +0000
Served asset /application.css - 304 Not Modified (0ms)


Started GET "/assets/jquery_ujs.js?body=1" for 50.24.161.123 at 2016-11-22 08:18:51 +0000
Served asset /jquery_ujs.js - 304 Not Modified (0ms)


Started GET "/assets/jquery.js?body=1" for 50.24.161.123 at 2016-11-22 08:18:51 +0000
Served asset /jquery.js - 304 Not Modified (0ms)


Started GET "/assets/application.js?body=1" for 50.24.161.123 at 2016-11-22 08:18:51 +0000
Served asset /application.js - 304 Not Modified (0ms)


Started GET "/movies/17/similar" for 50.24.161.123 at 2016-11-22 08:18:54 +0000
  Processing by MoviesController#similar as HTML
  Parameters: {"movie_id"=>"17"}
  [1m[36mMovie Load (0.1ms)[0m  [1mSELECT "movies".* FROM "movies" WHERE "movies"."id" = ? LIMIT 1[0m  [["id", "17"]]
  [1m[35mMovie Load (0.2ms)[0m  SELECT "movies".* FROM "movies" WHERE "movies"."director" = 'Chuck Loree'
Rendered movies/similar.html.haml within layouts/application (5.8ms)
Completed 200 OK in 28ms (Views: 11.6ms | ActiveRecord: 0.8ms)


Started GET "/assets/application.css?body=1" for 50.24.161.123 at 2016-11-22 08:18:54 +0000
Served asset /application.css - 304 Not Modified (0ms)


Started GET "/assets/jquery_ujs.js?body=1" for 50.24.161.123 at 2016-11-22 08:18:54 +0000
Served asset /jquery_ujs.js - 304 Not Modified (0ms)


Started GET "/assets/application.js?body=1" for 50.24.161.123 at 2016-11-22 08:18:54 +0000
Served asset /application.js - 304 Not Modified (0ms)


Started GET "/assets/jquery.js?body=1" for 50.24.161.123 at 2016-11-22 08:18:54 +0000
Served asset /jquery.js - 304 Not Modified (0ms)


Started GET "/movies/17" for 50.24.161.123 at 2016-11-22 08:18:59 +0000
  Processing by MoviesController#show as HTML
  Parameters: {"id"=>"17"}
  [1m[36mMovie Load (0.2ms)[0m  [1mSELECT "movies".* FROM "movies" WHERE "movies"."id" = ? LIMIT 1[0m  [["id", "17"]]
Rendered movies/show.html.haml within layouts/application (2.1ms)
Completed 200 OK in 55ms (Views: 8.6ms | ActiveRecord: 0.6ms)


Started GET "/assets/application.css?body=1" for 50.24.161.123 at 2016-11-22 08:18:59 +0000
Served asset /application.css - 304 Not Modified (0ms)


Started GET "/assets/application.js?body=1" for 50.24.161.123 at 2016-11-22 08:18:59 +0000
Served asset /application.js - 304 Not Modified (0ms)


Started GET "/assets/jquery.js?body=1" for 50.24.161.123 at 2016-11-22 08:18:59 +0000
Served asset /jquery.js - 304 Not Modified (0ms)


Started GET "/assets/jquery_ujs.js?body=1" for 50.24.161.123 at 2016-11-22 08:18:59 +0000
Served asset /jquery_ujs.js - 304 Not Modified (0ms)


Started GET "/movies/11" for 50.24.161.123 at 2016-11-22 08:19:08 +0000
  Processing by MoviesController#show as HTML
  Parameters: {"id"=>"11"}
  [1m[35mMovie Load (0.2ms)[0m  SELECT "movies".* FROM "movies" WHERE "movies"."id" = ? LIMIT 1  [["id", "11"]]
Rendered movies/show.html.haml within layouts/application (1.9ms)
Completed 200 OK in 15ms (Views: 7.9ms | ActiveRecord: 0.5ms)


Started GET "/assets/application.css?body=1" for 50.24.161.123 at 2016-11-22 08:19:08 +0000
Served asset /application.css - 304 Not Modified (0ms)


Started GET "/assets/jquery.js?body=1" for 50.24.161.123 at 2016-11-22 08:19:08 +0000
Served asset /jquery.js - 304 Not Modified (0ms)


Started GET "/assets/application.js?body=1" for 50.24.161.123 at 2016-11-22 08:19:08 +0000
Served asset /application.js - 304 Not Modified (0ms)


Started GET "/assets/jquery_ujs.js?body=1" for 50.24.161.123 at 2016-11-22 08:19:09 +0000
Served asset /jquery_ujs.js - 304 Not Modified (0ms)


Started GET "/movies/11/similar" for 50.24.161.123 at 2016-11-22 08:19:11 +0000
  Processing by MoviesController#similar as HTML
  Parameters: {"movie_id"=>"11"}
  [1m[36mMovie Load (0.2ms)[0m  [1mSELECT "movies".* FROM "movies" WHERE "movies"."id" = ? LIMIT 1[0m  [["id", "11"]]
  [1m[35mMovie Load (0.3ms)[0m  SELECT "movies".* FROM "movies" WHERE "movies"."director" = 'James Cameron'
Rendered movies/similar.html.haml within layouts/application (3.2ms)
Completed 200 OK in 59ms (Views: 50.5ms | ActiveRecord: 0.8ms)


Started GET "/assets/application.css?body=1" for 50.24.161.123 at 2016-11-22 08:19:11 +0000
Served asset /application.css - 304 Not Modified (0ms)


Started GET "/assets/jquery_ujs.js?body=1" for 50.24.161.123 at 2016-11-22 08:19:11 +0000
Served asset /jquery_ujs.js - 304 Not Modified (0ms)


Started GET "/assets/application.js?body=1" for 50.24.161.123 at 2016-11-22 08:19:11 +0000
Served asset /application.js - 304 Not Modified (0ms)


Started GET "/assets/jquery.js?body=1" for 50.24.161.123 at 2016-11-22 08:19:11 +0000
Served asset /jquery.js - 304 Not Modified (0ms)


Started GET "/movies/11" for 50.24.161.123 at 2016-11-22 08:19:20 +0000
  Processing by MoviesController#show as HTML
  Parameters: {"id"=>"11"}
  [1m[36mMovie Load (0.2ms)[0m  [1mSELECT "movies".* FROM "movies" WHERE "movies"."id" = ? LIMIT 1[0m  [["id", "11"]]
Rendered movies/show.html.haml within layouts/application (2.0ms)
Completed 200 OK in 16ms (Views: 8.3ms | ActiveRecord: 0.5ms)


Started GET "/assets/application.css?body=1" for 50.24.161.123 at 2016-11-22 08:19:20 +0000
Served asset /application.css - 304 Not Modified (0ms)


Started GET "/assets/jquery.js?body=1" for 50.24.161.123 at 2016-11-22 08:19:20 +0000
Served asset /jquery.js - 304 Not Modified (0ms)


Started GET "/assets/application.js?body=1" for 50.24.161.123 at 2016-11-22 08:19:20 +0000
Served asset /application.js - 304 Not Modified (0ms)


Started GET "/assets/jquery_ujs.js?body=1" for 50.24.161.123 at 2016-11-22 08:19:20 +0000
Served asset /jquery_ujs.js - 304 Not Modified (0ms)
  [1m[36m (0.1ms)[0m  [1mSELECT "schema_migrations"."version" FROM "schema_migrations" [0m
  [1m[35m (0.2ms)[0m  select sqlite_version(*)
  [1m[36m (14.2ms)[0m  [1mCREATE TABLE "movies" ("id" INTEGER PRIMARY KEY AUTOINCREMENT NOT NULL, "title" varchar(255), "rating" varchar(255), "description" text, "release_date" datetime, "created_at" datetime, "updated_at" datetime, "director" varchar(255)) [0m
  [1m[35m (10.9ms)[0m  CREATE TABLE "schema_migrations" ("version" varchar(255) NOT NULL) 
  [1m[36m (0.1ms)[0m  [1mPRAGMA index_list("schema_migrations")[0m
  [1m[35m (11.4ms)[0m  CREATE UNIQUE INDEX "unique_schema_migrations" ON "schema_migrations" ("version")
  [1m[36m (0.1ms)[0m  [1mSELECT version FROM "schema_migrations"[0m
  [1m[35m (9.8ms)[0m  INSERT INTO "schema_migrations" (version) VALUES ('20161122081436')
  [1m[36m (11.7ms)[0m  [1mINSERT INTO "schema_migrations" (version) VALUES ('20120130161449')[0m
  [1m[35m (10.2ms)[0m  INSERT INTO "schema_migrations" (version) VALUES ('20111119180638')
  [1m[36m (10.3ms)[0m  [1mINSERT INTO "schema_migrations" (version) VALUES ('20120324101909')[0m
  [1m[36m (0.1ms)[0m  [1mSELECT "schema_migrations"."version" FROM "schema_migrations" [0m
  [1m[35m (0.3ms)[0m  select sqlite_version(*)
  [1m[36m (16.8ms)[0m  [1mCREATE TABLE "movies" ("id" INTEGER PRIMARY KEY AUTOINCREMENT NOT NULL, "title" varchar(255), "rating" varchar(255), "description" text, "release_date" datetime, "created_at" datetime, "updated_at" datetime, "director" varchar(255)) [0m
  [1m[35m (7.5ms)[0m  CREATE TABLE "schema_migrations" ("version" varchar(255) NOT NULL) 
  [1m[36m (0.1ms)[0m  [1mPRAGMA index_list("schema_migrations")[0m
  [1m[35m (11.2ms)[0m  CREATE UNIQUE INDEX "unique_schema_migrations" ON "schema_migrations" ("version")
  [1m[36m (0.1ms)[0m  [1mSELECT version FROM "schema_migrations"[0m
  [1m[35m (8.5ms)[0m  INSERT INTO "schema_migrations" (version) VALUES ('20161122081436')
  [1m[36m (6.9ms)[0m  [1mINSERT INTO "schema_migrations" (version) VALUES ('20120130161449')[0m
  [1m[35m (9.1ms)[0m  INSERT INTO "schema_migrations" (version) VALUES ('20111119180638')
  [1m[36m (6.9ms)[0m  [1mINSERT INTO "schema_migrations" (version) VALUES ('20120324101909')[0m
  [1m[36m (0.1ms)[0m  [1mSELECT "schema_migrations"."version" FROM "schema_migrations" [0m
  [1m[35m (0.3ms)[0m  select sqlite_version(*)
  [1m[36m (18.6ms)[0m  [1mCREATE TABLE "movies" ("id" INTEGER PRIMARY KEY AUTOINCREMENT NOT NULL, "title" varchar(255), "rating" varchar(255), "description" text, "release_date" datetime, "created_at" datetime, "updated_at" datetime, "director" varchar(255)) [0m
  [1m[35m (12.0ms)[0m  CREATE TABLE "schema_migrations" ("version" varchar(255) NOT NULL) 
  [1m[36m (0.1ms)[0m  [1mPRAGMA index_list("schema_migrations")[0m
  [1m[35m (11.3ms)[0m  CREATE UNIQUE INDEX "unique_schema_migrations" ON "schema_migrations" ("version")
  [1m[36m (0.1ms)[0m  [1mSELECT version FROM "schema_migrations"[0m
  [1m[35m (11.7ms)[0m  INSERT INTO "schema_migrations" (version) VALUES ('20161122081436')
  [1m[36m (10.3ms)[0m  [1mINSERT INTO "schema_migrations" (version) VALUES ('20120130161449')[0m
  [1m[35m (11.5ms)[0m  INSERT INTO "schema_migrations" (version) VALUES ('20111119180638')
  [1m[36m (12.1ms)[0m  [1mINSERT INTO "schema_migrations" (version) VALUES ('20120324101909')[0m
  [1m[36m (0.1ms)[0m  [1mSELECT "schema_migrations"."version" FROM "schema_migrations" [0m
  [1m[35m (0.3ms)[0m  select sqlite_version(*)
  [1m[36m (15.6ms)[0m  [1mCREATE TABLE "movies" ("id" INTEGER PRIMARY KEY AUTOINCREMENT NOT NULL, "title" varchar(255), "rating" varchar(255), "description" text, "release_date" datetime, "created_at" datetime, "updated_at" datetime, "director" varchar(255)) [0m
  [1m[35m (11.3ms)[0m  CREATE TABLE "schema_migrations" ("version" varchar(255) NOT NULL) 
  [1m[36m (0.1ms)[0m  [1mPRAGMA index_list("schema_migrations")[0m
  [1m[35m (12.0ms)[0m  CREATE UNIQUE INDEX "unique_schema_migrations" ON "schema_migrations" ("version")
  [1m[36m (0.1ms)[0m  [1mSELECT version FROM "schema_migrations"[0m
  [1m[35m (10.4ms)[0m  INSERT INTO "schema_migrations" (version) VALUES ('20161122081436')
  [1m[36m (7.9ms)[0m  [1mINSERT INTO "schema_migrations" (version) VALUES ('20120130161449')[0m
  [1m[35m (7.5ms)[0m  INSERT INTO "schema_migrations" (version) VALUES ('20111119180638')
  [1m[36m (11.6ms)[0m  [1mINSERT INTO "schema_migrations" (version) VALUES ('20120324101909')[0m


Started GET "/assets/rails.png" for 50.24.161.123 at 2016-11-22 08:34:13 +0000
Served asset /rails.png - 304 Not Modified (2ms)


Started GET "/assets/rails.png" for 50.24.161.123 at 2016-11-22 08:34:17 +0000
Served asset /rails.png - 304 Not Modified (0ms)


Started GET "/assets/rails.png" for 50.24.161.123 at 2016-11-22 08:34:21 +0000
Served asset /rails.png - 304 Not Modified (0ms)


Started GET "/movies?ratings%5BG%5D=1&ratings%5BNC-17%5D=1&ratings%5BPG%5D=1&ratings%5BPG-13%5D=1&ratings%5BR%5D=1&sort=release_date" for 50.24.161.123 at 2016-11-22 08:34:22 +0000
  Processing by MoviesController#index as HTML
  Parameters: {"ratings"=>{"G"=>"1", "NC-17"=>"1", "PG"=>"1", "PG-13"=>"1", "R"=>"1"}, "sort"=>"release_date"}
  [1m[36mMovie Load (0.4ms)[0m  [1mSELECT "movies".* FROM "movies" WHERE "movies"."rating" IN ('G', 'NC-17', 'PG', 'PG-13', 'R') ORDER BY release_date[0m
Rendered movies/index.html.haml within layouts/application (51.2ms)
Completed 200 OK in 116ms (Views: 111.0ms | ActiveRecord: 0.6ms)


Started GET "/assets/application.css?body=1" for 50.24.161.123 at 2016-11-22 08:34:23 +0000
Served asset /application.css - 304 Not Modified (0ms)


Started GET "/assets/jquery.js?body=1" for 50.24.161.123 at 2016-11-22 08:34:23 +0000
Served asset /jquery.js - 304 Not Modified (2ms)


Started GET "/assets/jquery_ujs.js?body=1" for 50.24.161.123 at 2016-11-22 08:34:23 +0000
Served asset /jquery_ujs.js - 304 Not Modified (1ms)


Started GET "/assets/application.js?body=1" for 50.24.161.123 at 2016-11-22 08:34:23 +0000
Served asset /application.js - 304 Not Modified (0ms)


Started GET "/assets/application.css?body=1" for 50.24.161.123 at 2016-11-22 08:34:30 +0000
Served asset /application.css - 304 Not Modified (0ms)


Started GET "/assets/application.js?body=1" for 50.24.161.123 at 2016-11-22 08:34:30 +0000
Served asset /application.js - 304 Not Modified (0ms)


Started GET "/movies?ratings%5BG%5D=1&ratings%5BNC-17%5D=1&ratings%5BPG%5D=1&ratings%5BPG-13%5D=1&ratings%5BR%5D=1&sort=release_date" for 50.24.161.123 at 2016-11-22 08:34:30 +0000
  Processing by MoviesController#index as HTML
  Parameters: {"ratings"=>{"G"=>"1", "NC-17"=>"1", "PG"=>"1", "PG-13"=>"1", "R"=>"1"}, "sort"=>"release_date"}
  [1m[35mMovie Load (0.2ms)[0m  SELECT "movies".* FROM "movies" WHERE "movies"."rating" IN ('G', 'NC-17', 'PG', 'PG-13', 'R') ORDER BY release_date
Rendered movies/index.html.haml within layouts/application (12.8ms)
Completed 200 OK in 22ms (Views: 19.5ms | ActiveRecord: 0.6ms)


Started GET "/assets/jquery.js?body=1" for 50.24.161.123 at 2016-11-22 08:34:30 +0000
Served asset /jquery.js - 304 Not Modified (0ms)


Started GET "/assets/jquery_ujs.js?body=1" for 50.24.161.123 at 2016-11-22 08:34:30 +0000
Served asset /jquery_ujs.js - 304 Not Modified (0ms)


Started GET "/assets/application.js?body=1" for 50.24.161.123 at 2016-11-22 08:34:33 +0000
Served asset /application.js - 304 Not Modified (0ms)


Started GET "/assets/jquery_ujs.js?body=1" for 50.24.161.123 at 2016-11-22 08:34:33 +0000
Served asset /jquery_ujs.js - 304 Not Modified (0ms)


Started GET "/assets/jquery.js?body=1" for 50.24.161.123 at 2016-11-22 08:34:33 +0000
Served asset /jquery.js - 304 Not Modified (0ms)


Started GET "/movies" for 50.24.161.123 at 2016-11-22 08:34:33 +0000
  Processing by MoviesController#index as HTML
Redirected to https://hw4se-mragank.c9users.io/?ratings%5BG%5D=1&ratings%5BNC-17%5D=1&ratings%5BPG%5D=1&ratings%5BPG-13%5D=1&ratings%5BR%5D=1&sort=release_date
Completed 302 Found in 1ms


Started GET "/assets/application.css?body=1" for 50.24.161.123 at 2016-11-22 08:34:33 +0000
Served asset /application.css - 304 Not Modified (0ms)


Started GET "/assets/rails.png" for 50.24.161.123 at 2016-11-22 08:34:33 +0000
Served asset /rails.png - 304 Not Modified (0ms)


Started GET "/movies" for 50.24.161.123 at 2016-11-22 08:34:36 +0000
  Processing by MoviesController#index as HTML
Redirected to https://hw4se-mragank.c9users.io/?ratings%5BG%5D=1&ratings%5BNC-17%5D=1&ratings%5BPG%5D=1&ratings%5BPG-13%5D=1&ratings%5BR%5D=1&sort=release_date
Completed 302 Found in 1ms


Started GET "/assets/application.js?body=1" for 50.24.161.123 at 2016-11-22 08:34:36 +0000
Served asset /application.js - 304 Not Modified (0ms)


Started GET "/assets/jquery_ujs.js?body=1" for 50.24.161.123 at 2016-11-22 08:34:36 +0000
Served asset /jquery_ujs.js - 304 Not Modified (0ms)


Started GET "/assets/application.css?body=1" for 50.24.161.123 at 2016-11-22 08:34:36 +0000
Served asset /application.css - 304 Not Modified (0ms)


Started GET "/assets/jquery.js?body=1" for 50.24.161.123 at 2016-11-22 08:34:36 +0000
Served asset /jquery.js - 304 Not Modified (0ms)


Started GET "/assets/rails.png" for 50.24.161.123 at 2016-11-22 08:34:36 +0000
Served asset /rails.png - 304 Not Modified (0ms)


Started GET "/assets/rails.png" for 50.24.161.123 at 2016-11-22 08:35:33 +0000
Served asset /rails.png - 304 Not Modified (0ms)


Started GET "/assets/rails.png" for 50.24.161.123 at 2016-11-22 08:35:37 +0000
Served asset /rails.png - 304 Not Modified (0ms)


Started GET "/assets/application.css?body=1" for 50.24.161.123 at 2016-11-22 08:35:38 +0000
Served asset /application.css - 304 Not Modified (0ms)


Started GET "/assets/jquery_ujs.js?body=1" for 50.24.161.123 at 2016-11-22 08:35:38 +0000
Served asset /jquery_ujs.js - 304 Not Modified (0ms)


Started GET "/assets/application.js?body=1" for 50.24.161.123 at 2016-11-22 08:35:38 +0000
Served asset /application.js - 304 Not Modified (0ms)


Started GET "/movies?ratings%5BG%5D=1&ratings%5BNC-17%5D=1&ratings%5BPG%5D=1&ratings%5BPG-13%5D=1&ratings%5BR%5D=1&sort=release_date" for 50.24.161.123 at 2016-11-22 08:35:38 +0000
  Processing by MoviesController#index as HTML
  Parameters: {"ratings"=>{"G"=>"1", "NC-17"=>"1", "PG"=>"1", "PG-13"=>"1", "R"=>"1"}, "sort"=>"release_date"}
  [1m[36mMovie Load (0.2ms)[0m  [1mSELECT "movies".* FROM "movies" WHERE "movies"."rating" IN ('G', 'NC-17', 'PG', 'PG-13', 'R') ORDER BY release_date[0m
Rendered movies/index.html.haml within layouts/application (12.7ms)
Completed 200 OK in 23ms (Views: 20.9ms | ActiveRecord: 0.6ms)


Started GET "/assets/jquery.js?body=1" for 50.24.161.123 at 2016-11-22 08:35:38 +0000
Served asset /jquery.js - 304 Not Modified (0ms)


Started GET "/movies" for 50.24.161.123 at 2016-11-22 08:35:39 +0000
  Processing by MoviesController#index as HTML
Redirected to https://hw4se-mragank.c9users.io/?ratings%5BG%5D=1&ratings%5BNC-17%5D=1&ratings%5BPG%5D=1&ratings%5BPG-13%5D=1&ratings%5BR%5D=1&sort=release_date
Completed 302 Found in 1ms


Started GET "/movies" for 50.24.161.123 at 2016-11-22 08:35:39 +0000
  Processing by MoviesController#index as HTML
Redirected to https://hw4se-mragank.c9users.io/?ratings%5BG%5D=1&ratings%5BNC-17%5D=1&ratings%5BPG%5D=1&ratings%5BPG-13%5D=1&ratings%5BR%5D=1&sort=release_date
Completed 302 Found in 1ms


Started GET "/assets/rails.png" for 50.24.161.123 at 2016-11-22 08:35:39 +0000
Served asset /rails.png - 304 Not Modified (0ms)


Started GET "/assets/rails.png" for 50.24.161.123 at 2016-11-22 08:35:39 +0000
Served asset /rails.png - 304 Not Modified (0ms)


Started GET "/assets/rails.png" for 50.24.161.123 at 2016-11-22 08:36:31 +0000
Served asset /rails.png - 304 Not Modified (1ms)


Started GET "/assets/rails.png" for 50.24.161.123 at 2016-11-22 08:36:44 +0000
Served asset /rails.png - 304 Not Modified (0ms)


Started GET "/assets/rails.png" for 50.24.161.123 at 2016-11-22 08:36:46 +0000
Served asset /rails.png - 304 Not Modified (0ms)


Started GET "/assets/rails.png" for 50.24.161.123 at 2016-11-22 08:36:47 +0000
Served asset /rails.png - 304 Not Modified (0ms)


Started GET "/movies" for 50.24.161.123 at 2016-11-22 08:36:47 +0000
  Processing by MoviesController#index as HTML
Redirected to https://hw4se-mragank.c9users.io/movies?ratings%5BG%5D=1&ratings%5BNC-17%5D=1&ratings%5BPG%5D=1&ratings%5BPG-13%5D=1&ratings%5BR%5D=1&sort=release_date
Completed 302 Found in 1ms


Started GET "/movies?ratings%5BG%5D=1&ratings%5BNC-17%5D=1&ratings%5BPG%5D=1&ratings%5BPG-13%5D=1&ratings%5BR%5D=1&sort=release_date" for 50.24.161.123 at 2016-11-22 08:36:48 +0000
  Processing by MoviesController#index as HTML
  Parameters: {"ratings"=>{"G"=>"1", "NC-17"=>"1", "PG"=>"1", "PG-13"=>"1", "R"=>"1"}, "sort"=>"release_date"}
  [1m[36mMovie Load (0.2ms)[0m  [1mSELECT "movies".* FROM "movies" WHERE "movies"."rating" IN ('G', 'NC-17', 'PG', 'PG-13', 'R') ORDER BY release_date[0m
Rendered movies/index.html.haml within layouts/application (55.4ms)
Completed 200 OK in 123ms (Views: 118.3ms | ActiveRecord: 0.5ms)


Started GET "/assets/application.css?body=1" for 50.24.161.123 at 2016-11-22 08:36:48 +0000
Served asset /application.css - 304 Not Modified (0ms)


Started GET "/assets/jquery_ujs.js?body=1" for 50.24.161.123 at 2016-11-22 08:36:48 +0000
Served asset /jquery_ujs.js - 304 Not Modified (2ms)


Started GET "/assets/application.js?body=1" for 50.24.161.123 at 2016-11-22 08:36:48 +0000
Served asset /application.js - 304 Not Modified (0ms)


Started GET "/assets/jquery.js?body=1" for 50.24.161.123 at 2016-11-22 08:36:48 +0000
Served asset /jquery.js - 304 Not Modified (2ms)


Started GET "/movies" for 50.24.161.123 at 2016-11-22 08:36:48 +0000
  Processing by MoviesController#index as HTML
Redirected to https://hw4se-mragank.c9users.io/movies?ratings%5BG%5D=1&ratings%5BNC-17%5D=1&ratings%5BPG%5D=1&ratings%5BPG-13%5D=1&ratings%5BR%5D=1&sort=release_date
Completed 302 Found in 1ms


Started GET "/movies?ratings%5BG%5D=1&ratings%5BNC-17%5D=1&ratings%5BPG%5D=1&ratings%5BPG-13%5D=1&ratings%5BR%5D=1&sort=release_date" for 50.24.161.123 at 2016-11-22 08:36:48 +0000
  Processing by MoviesController#index as HTML
  Parameters: {"ratings"=>{"G"=>"1", "NC-17"=>"1", "PG"=>"1", "PG-13"=>"1", "R"=>"1"}, "sort"=>"release_date"}
  [1m[35mMovie Load (0.2ms)[0m  SELECT "movies".* FROM "movies" WHERE "movies"."rating" IN ('G', 'NC-17', 'PG', 'PG-13', 'R') ORDER BY release_date
Rendered movies/index.html.haml within layouts/application (13.7ms)
Completed 200 OK in 23ms (Views: 20.6ms | ActiveRecord: 0.6ms)


Started GET "/assets/rails.png" for 50.24.161.123 at 2016-11-22 08:36:48 +0000
Served asset /rails.png - 304 Not Modified (0ms)


Started GET "/assets/application.css?body=1" for 50.24.161.123 at 2016-11-22 08:36:49 +0000
Served asset /application.css - 304 Not Modified (0ms)


Started GET "/assets/jquery.js?body=1" for 50.24.161.123 at 2016-11-22 08:36:49 +0000
Served asset /jquery.js - 304 Not Modified (0ms)


Started GET "/assets/application.js?body=1" for 50.24.161.123 at 2016-11-22 08:36:49 +0000
Served asset /application.js - 304 Not Modified (0ms)


Started GET "/assets/jquery_ujs.js?body=1" for 50.24.161.123 at 2016-11-22 08:36:49 +0000
Served asset /jquery_ujs.js - 304 Not Modified (0ms)
